# JRE version: OpenJDK Runtime Environment (21.0.7) (build 21.0.7+-13880790-b1038.58)
# Java VM: OpenJDK 64-Bit Server VM (21.0.7+-13880790-b1038.58, mixed mode, tiered, compressed oops, compressed class ptrs, g1 gc, linux-amd64)
GC Precious Log:
 CardTable entry size: 512
 Card Set container configuration: InlinePtr #cards 4 size 8 Array Of Cards #cards 16 size 48 Howl #buckets 8 coarsen threshold 3686 Howl Bitmap #cards 512 size 80 coarsen threshold 460 Card regions per heap region 1 cards per card region 4096
 CPUs: 12 total, 12 available
 Memory: 15900M
 Large Page Support: Disabled
 NUMA Support: Disabled
 Compressed Oops: Enabled (Zero based)
 Heap Region Size: 2M
 Heap Min Capacity: 8M
 Heap Initial Capacity: 250M
 Heap Max Capacity: 3976M
 Pre-touch: Disabled
 Parallel Workers: 10
 Concurrent Workers: 3
 Concurrent Refinement Workers: 10
 Periodic GC: Disabled
Heap:
 garbage-first heap   total 61440K, used 38045K [0x0000000707800000, 0x0000000800000000)
  region size 2048K, 6 young (12288K), 2 survivors (4096K)
 Metaspace       used 65669K, committed 66304K, reserved 1114112K
  class space    used 6864K, committed 7104K, reserved 1048576K
GC Heap History (20 events):
Event: 1.630 GC heap before
{Heap before GC invocations=7 (full 0):
 garbage-first heap   total 147456K, used 19504K [0x0000000707800000, 0x0000000800000000)
  region size 2048K, 5 young (10240K), 1 survivors (2048K)
 Metaspace       used 35844K, committed 36096K, reserved 1114112K
  class space    used 3579K, committed 3712K, reserved 1048576K
}
Event: 1.632 GC heap after
{Heap after GC invocations=8 (full 0):
 garbage-first heap   total 147456K, used 14181K [0x0000000707800000, 0x0000000800000000)
  region size 2048K, 2 young (4096K), 2 survivors (4096K)
 Metaspace       used 35844K, committed 36096K, reserved 1114112K
  class space    used 3579K, committed 3712K, reserved 1048576K
}
Event: 1.998 GC heap before
{Heap before GC invocations=9 (full 0):
 garbage-first heap   total 55296K, used 53093K [0x0000000707800000, 0x0000000800000000)
  region size 2048K, 21 young (43008K), 2 survivors (4096K)
 Metaspace       used 42986K, committed 43520K, reserved 1114112K
  class space    used 4369K, committed 4608K, reserved 1048576K
}
Event: 2.002 GC heap after
{Heap after GC invocations=10 (full 0):
 garbage-first heap   total 61440K, used 16025K [0x0000000707800000, 0x0000000800000000)
  region size 2048K, 3 young (6144K), 3 survivors (6144K)
 Metaspace       used 42986K, committed 43520K, reserved 1114112K
  class space    used 4369K, committed 4608K, reserved 1048576K
}
Event: 4.254 GC heap before
{Heap before GC invocations=10 (full 0):
 garbage-first heap   total 61440K, used 46745K [0x0000000707800000, 0x0000000800000000)
  region size 2048K, 18 young (36864K), 3 survivors (6144K)
 Metaspace       used 49363K, committed 49920K, reserved 1114112K
  class space    used 5030K, committed 5248K, reserved 1048576K
}
Event: 4.261 GC heap after
{Heap after GC invocations=11 (full 0):
 garbage-first heap   total 61440K, used 16968K [0x0000000707800000, 0x0000000800000000)
  region size 2048K, 3 young (6144K), 3 survivors (6144K)
 Metaspace       used 49363K, committed 49920K, reserved 1114112K
  class space    used 5030K, committed 5248K, reserved 1048576K
}
Event: 4.409 GC heap before
{Heap before GC invocations=11 (full 0):
 garbage-first heap   total 61440K, used 45640K [0x0000000707800000, 0x0000000800000000)
  region size 2048K, 18 young (36864K), 3 survivors (6144K)
 Metaspace       used 51079K, committed 51648K, reserved 1114112K
  class space    used 5215K, committed 5440K, reserved 1048576K
}
Event: 4.418 GC heap after
{Heap after GC invocations=12 (full 0):
 garbage-first heap   total 61440K, used 19164K [0x0000000707800000, 0x0000000800000000)
  region size 2048K, 3 young (6144K), 3 survivors (6144K)
 Metaspace       used 51079K, committed 51648K, reserved 1114112K
  class space    used 5215K, committed 5440K, reserved 1048576K
}
Event: 5.339 GC heap before
{Heap before GC invocations=12 (full 0):
 garbage-first heap   total 61440K, used 49884K [0x0000000707800000, 0x0000000800000000)
  region size 2048K, 18 young (36864K), 3 survivors (6144K)
 Metaspace       used 51562K, committed 52160K, reserved 1114112K
  class space    used 5249K, committed 5504K, reserved 1048576K
}
Event: 5.345 GC heap after
{Heap after GC invocations=13 (full 0):
 garbage-first heap   total 61440K, used 20681K [0x0000000707800000, 0x0000000800000000)
  region size 2048K, 2 young (4096K), 2 survivors (4096K)
 Metaspace       used 51562K, committed 52160K, reserved 1114112K
  class space    used 5249K, committed 5504K, reserved 1048576K
}
Event: 8.134 GC heap before
{Heap before GC invocations=13 (full 0):
 garbage-first heap   total 61440K, used 51401K [0x0000000707800000, 0x0000000800000000)
  region size 2048K, 17 young (34816K), 2 survivors (4096K)
 Metaspace       used 53757K, committed 54336K, reserved 1114112K
  class space    used 5445K, committed 5696K, reserved 1048576K
}
Event: 8.139 GC heap after
{Heap after GC invocations=14 (full 0):
 garbage-first heap   total 61440K, used 22828K [0x0000000707800000, 0x0000000800000000)
  region size 2048K, 3 young (6144K), 3 survivors (6144K)
 Metaspace       used 53757K, committed 54336K, reserved 1114112K
  class space    used 5445K, committed 5696K, reserved 1048576K
}
Event: 8.252 GC heap before
{Heap before GC invocations=14 (full 0):
 garbage-first heap   total 61440K, used 49452K [0x0000000707800000, 0x0000000800000000)
  region size 2048K, 16 young (32768K), 3 survivors (6144K)
 Metaspace       used 55884K, committed 56512K, reserved 1114112K
  class space    used 5717K, committed 6016K, reserved 1048576K
}
Event: 8.259 GC heap after
{Heap after GC invocations=15 (full 0):
 garbage-first heap   total 61440K, used 25056K [0x0000000707800000, 0x0000000800000000)
  region size 2048K, 2 young (4096K), 2 survivors (4096K)
 Metaspace       used 55884K, committed 56512K, reserved 1114112K
  class space    used 5717K, committed 6016K, reserved 1048576K
}
Event: 8.578 GC heap before
{Heap before GC invocations=15 (full 0):
 garbage-first heap   total 61440K, used 39392K [0x0000000707800000, 0x0000000800000000)
  region size 2048K, 11 young (22528K), 2 survivors (4096K)
 Metaspace       used 59929K, committed 60480K, reserved 1114112K
  class space    used 6175K, committed 6400K, reserved 1048576K
}
Event: 8.584 GC heap after
{Heap after GC invocations=16 (full 0):
 garbage-first heap   total 61440K, used 27659K [0x0000000707800000, 0x0000000800000000)
  region size 2048K, 2 young (4096K), 2 survivors (4096K)
 Metaspace       used 59929K, committed 60480K, reserved 1114112K
  class space    used 6175K, committed 6400K, reserved 1048576K
}
Event: 9.511 GC heap before
{Heap before GC invocations=17 (full 0):
 garbage-first heap   total 61440K, used 50187K [0x0000000707800000, 0x0000000800000000)
  region size 2048K, 13 young (26624K), 2 survivors (4096K)
 Metaspace       used 63411K, committed 64064K, reserved 1114112K
  class space    used 6646K, committed 6912K, reserved 1048576K
}
Event: 9.513 GC heap after
{Heap after GC invocations=18 (full 0):
 garbage-first heap   total 61440K, used 29531K [0x0000000707800000, 0x0000000800000000)
  region size 2048K, 1 young (2048K), 1 survivors (2048K)
 Metaspace       used 63411K, committed 64064K, reserved 1114112K
  class space    used 6646K, committed 6912K, reserved 1048576K
}
Event: 12.095 GC heap before
{Heap before GC invocations=18 (full 0):
 garbage-first heap   total 61440K, used 54107K [0x0000000707800000, 0x0000000800000000)
  region size 2048K, 13 young (26624K), 1 survivors (2048K)
 Metaspace       used 65371K, committed 65984K, reserved 1114112K
  class space    used 6843K, committed 7104K, reserved 1048576K
}
Event: 12.100 GC heap after
{Heap after GC invocations=19 (full 0):
 garbage-first heap   total 61440K, used 31901K [0x0000000707800000, 0x0000000800000000)
  region size 2048K, 2 young (4096K), 2 survivors (4096K)
 Metaspace       used 65371K, committed 65984K, reserved 1114112K
  class space    used 6843K, committed 7104K, reserved 1048576K
}

